<?xml version="1.0" encoding="UTF-8"?>
<!-- Generated by org.testng.reporters.JUnitReportReporter -->
<testsuite hostname="DESKTOP-8TTRVRQ" failures="0" tests="3" name="rahulshettyacademy.Tests.SubmitOrderTest" time="30.457" errors="0" timestamp="2023-05-27T18:16:43 IST" skipped="0">
  <testcase classname="rahulshettyacademy.Tests.SubmitOrderTest" name="OrderHistory" time="5.025"/>
  <system-out/>
  <testcase classname="rahulshettyacademy.Tests.SubmitOrderTest" name="submitOrder" time="17.204"/>
  <system-out/>
  <testcase classname="rahulshettyacademy.Tests.SubmitOrderTest" name="submitOrder" time="8.228"/>
  <system-out/>
</testsuite> <!-- rahulshettyacademy.Tests.SubmitOrderTest -->
