<?xml version="1.0" encoding="UTF-8"?>
<!-- Generated by org.testng.reporters.JUnitReportReporter -->
<testsuite hostname="DESKTOP-8TTRVRQ" failures="0" tests="1" name="rahulshettyacademy.Tests.StandAlonePOM" time="62.791" errors="0" timestamp="2023-05-26T17:39:57 IST" skipped="0">
  <testcase classname="rahulshettyacademy.Tests.StandAlonePOM" name="submitOrder" time="62.791"/>
  <system-out/>
</testsuite> <!-- rahulshettyacademy.Tests.StandAlonePOM -->
